[0.011s] Invoking command in '/home/chotaehyun/ros2_waver/build/waver_description': CMAKE_PREFIX_PATH=${CMAKE_PREFIX_PATH}:/home/chotaehyun/ros2_ws/install/vehicle_control_pkg:/opt/ros/humble /usr/bin/cmake /home/chotaehyun/ros2_waver/src/waver_description -DAMENT_CMAKE_SYMLINK_INSTALL=1 -DCMAKE_INSTALL_PREFIX=/home/chotaehyun/ros2_waver/install/waver_description
[0.067s] -- The C compiler identification is GNU 11.4.0
[0.130s] -- The CXX compiler identification is GNU 11.4.0
[0.138s] -- Detecting C compiler ABI info
[0.214s] -- Detecting C compiler ABI info - done
[0.221s] -- Check for working C compiler: /usr/bin/cc - skipped
[0.221s] -- Detecting C compile features
[0.222s] -- Detecting C compile features - done
[0.224s] -- Detecting CXX compiler ABI info
[0.338s] -- Detecting CXX compiler ABI info - done
[0.355s] -- Check for working CXX compiler: /usr/bin/c++ - skipped
[0.355s] -- Detecting CXX compile features
[0.356s] -- Detecting CXX compile features - done
[0.363s] -- Found ament_cmake: 1.3.12 (/opt/ros/humble/share/ament_cmake/cmake)
[0.555s] -- Found Python3: /usr/bin/python3 (found version "3.10.12") found components: Interpreter 
[0.620s] -- Override CMake install command with custom implementation using symlinks instead of copying resources
[0.743s] -- Configuring done
[0.745s] -- Generating done
[0.747s] -- Build files have been written to: /home/chotaehyun/ros2_waver/build/waver_description
[0.751s] Invoked command in '/home/chotaehyun/ros2_waver/build/waver_description' returned '0': CMAKE_PREFIX_PATH=${CMAKE_PREFIX_PATH}:/home/chotaehyun/ros2_ws/install/vehicle_control_pkg:/opt/ros/humble /usr/bin/cmake /home/chotaehyun/ros2_waver/src/waver_description -DAMENT_CMAKE_SYMLINK_INSTALL=1 -DCMAKE_INSTALL_PREFIX=/home/chotaehyun/ros2_waver/install/waver_description
[0.753s] Invoking command in '/home/chotaehyun/ros2_waver/build/waver_description': CMAKE_PREFIX_PATH=${CMAKE_PREFIX_PATH}:/home/chotaehyun/ros2_ws/install/vehicle_control_pkg:/opt/ros/humble /usr/bin/cmake --build /home/chotaehyun/ros2_waver/build/waver_description -- -j16 -l16
[0.802s] Invoked command in '/home/chotaehyun/ros2_waver/build/waver_description' returned '0': CMAKE_PREFIX_PATH=${CMAKE_PREFIX_PATH}:/home/chotaehyun/ros2_ws/install/vehicle_control_pkg:/opt/ros/humble /usr/bin/cmake --build /home/chotaehyun/ros2_waver/build/waver_description -- -j16 -l16
[0.823s] Invoking command in '/home/chotaehyun/ros2_waver/build/waver_description': CMAKE_PREFIX_PATH=${CMAKE_PREFIX_PATH}:/home/chotaehyun/ros2_ws/install/vehicle_control_pkg:/opt/ros/humble /usr/bin/cmake --install /home/chotaehyun/ros2_waver/build/waver_description
[0.839s] -- Install configuration: ""
[0.840s] -- Execute custom install script
[0.841s] -- Symlinking: /home/chotaehyun/ros2_waver/install/waver_description/share/waver_description/launch/gazebo.launch.py
[0.858s] -- Symlinking: /home/chotaehyun/ros2_waver/install/waver_description/share/waver_description/urdf/depth_camera_zedxm.xacro
[0.873s] -- Symlinking: /home/chotaehyun/ros2_waver/install/waver_description/share/waver_description/urdf/imu.xacro
[0.892s] -- Symlinking: /home/chotaehyun/ros2_waver/install/waver_description/share/waver_description/urdf/lidar.xacro
[0.901s] -- Symlinking: /home/chotaehyun/ros2_waver/install/waver_description/share/waver_description/urdf/materials.xacro
[0.909s] -- Symlinking: /home/chotaehyun/ros2_waver/install/waver_description/share/waver_description/urdf/rasp_pi_camera.xacro
[0.919s] -- Symlinking: /home/chotaehyun/ros2_waver/install/waver_description/share/waver_description/urdf/util.xacro
[0.936s] -- Symlinking: /home/chotaehyun/ros2_waver/install/waver_description/share/waver_description/urdf/waver.control.xacro
[0.953s] -- Symlinking: /home/chotaehyun/ros2_waver/install/waver_description/share/waver_description/urdf/waver.gazebo.xacro
[0.961s] -- Symlinking: /home/chotaehyun/ros2_waver/install/waver_description/share/waver_description/urdf/waver.xacro
[0.981s] -- Symlinking: /home/chotaehyun/ros2_waver/install/waver_description/share/waver_description/meshes/LD19.stl
[0.999s] -- Symlinking: /home/chotaehyun/ros2_waver/install/waver_description/share/waver_description/meshes/accessories1_link.stl
[1.018s] -- Symlinking: /home/chotaehyun/ros2_waver/install/waver_description/share/waver_description/meshes/accessories_link.stl
[1.026s] -- Symlinking: /home/chotaehyun/ros2_waver/install/waver_description/share/waver_description/meshes/base_link.stl
[1.036s] -- Symlinking: /home/chotaehyun/ros2_waver/install/waver_description/share/waver_description/meshes/board_link.stl
[1.045s] -- Symlinking: /home/chotaehyun/ros2_waver/install/waver_description/share/waver_description/meshes/oled_screen_link.stl
[1.054s] -- Symlinking: /home/chotaehyun/ros2_waver/install/waver_description/share/waver_description/meshes/rasp_pi_camera.stl
[1.071s] -- Symlinking: /home/chotaehyun/ros2_waver/install/waver_description/share/waver_description/meshes/top_shell_link.stl
[1.080s] -- Symlinking: /home/chotaehyun/ros2_waver/install/waver_description/share/waver_description/meshes/wheel_back_left_link.stl
[1.091s] -- Symlinking: /home/chotaehyun/ros2_waver/install/waver_description/share/waver_description/meshes/wheel_back_right_link.stl
[1.109s] -- Symlinking: /home/chotaehyun/ros2_waver/install/waver_description/share/waver_description/meshes/wheel_front_left_link.stl
[1.128s] -- Symlinking: /home/chotaehyun/ros2_waver/install/waver_description/share/waver_description/meshes/wheel_front_right_link.stl
[1.148s] -- Symlinking: /home/chotaehyun/ros2_waver/install/waver_description/share/waver_description/meshes/zedxm.stl
[1.158s] -- Symlinking: /home/chotaehyun/ros2_waver/install/waver_description/share/waver_description/worlds/empty.world
[1.168s] -- Symlinking: /home/chotaehyun/ros2_waver/install/waver_description/share/waver_description/config/waver_controllers.yaml
[1.177s] -- Symlinking: /home/chotaehyun/ros2_waver/install/waver_description/share/ament_index/resource_index/package_run_dependencies/waver_description
[1.187s] -- Symlinking: /home/chotaehyun/ros2_waver/install/waver_description/share/ament_index/resource_index/parent_prefix_path/waver_description
[1.198s] -- Symlinking: /home/chotaehyun/ros2_waver/install/waver_description/share/waver_description/environment/ament_prefix_path.sh
[1.207s] -- Symlinking: /home/chotaehyun/ros2_waver/install/waver_description/share/waver_description/environment/ament_prefix_path.dsv
[1.217s] -- Symlinking: /home/chotaehyun/ros2_waver/install/waver_description/share/waver_description/environment/path.sh
[1.226s] -- Symlinking: /home/chotaehyun/ros2_waver/install/waver_description/share/waver_description/environment/path.dsv
[1.236s] -- Symlinking: /home/chotaehyun/ros2_waver/install/waver_description/share/waver_description/local_setup.bash
[1.245s] -- Symlinking: /home/chotaehyun/ros2_waver/install/waver_description/share/waver_description/local_setup.sh
[1.255s] -- Symlinking: /home/chotaehyun/ros2_waver/install/waver_description/share/waver_description/local_setup.zsh
[1.265s] -- Symlinking: /home/chotaehyun/ros2_waver/install/waver_description/share/waver_description/local_setup.dsv
[1.275s] -- Symlinking: /home/chotaehyun/ros2_waver/install/waver_description/share/waver_description/package.dsv
[1.284s] -- Symlinking: /home/chotaehyun/ros2_waver/install/waver_description/share/ament_index/resource_index/packages/waver_description
[1.294s] -- Symlinking: /home/chotaehyun/ros2_waver/install/waver_description/share/waver_description/cmake/waver_descriptionConfig.cmake
[1.304s] -- Symlinking: /home/chotaehyun/ros2_waver/install/waver_description/share/waver_description/cmake/waver_descriptionConfig-version.cmake
[1.313s] -- Symlinking: /home/chotaehyun/ros2_waver/install/waver_description/share/waver_description/package.xml
[1.336s] Invoked command in '/home/chotaehyun/ros2_waver/build/waver_description' returned '0': CMAKE_PREFIX_PATH=${CMAKE_PREFIX_PATH}:/home/chotaehyun/ros2_ws/install/vehicle_control_pkg:/opt/ros/humble /usr/bin/cmake --install /home/chotaehyun/ros2_waver/build/waver_description
